<?xml version="1.0" encoding="UTF-8"?>
<!-- Generated by org.testng.reporters.JUnitReportReporter -->
<testsuite skipped="0" hostname="DESKTOP-LMJ10U7" name="com.extentReportTestng.Extent_Report_Testng" tests="6" failures="0" timestamp="2019-10-13T17:49:21 EDT" time="69.262" errors="0">
  <testcase name="Search3" time="10.335" classname="com.extentReportTestng.Extent_Report_Testng"/>
  <testcase name="Search5" time="12.539" classname="com.extentReportTestng.Extent_Report_Testng"/>
  <testcase name="Search" time="10.014" classname="com.extentReportTestng.Extent_Report_Testng"/>
  <testcase name="Search1" time="11.732" classname="com.extentReportTestng.Extent_Report_Testng"/>
  <testcase name="Search2" time="13.024" classname="com.extentReportTestng.Extent_Report_Testng"/>
  <testcase name="Search4" time="11.618" classname="com.extentReportTestng.Extent_Report_Testng"/>
</testsuite> <!-- com.extentReportTestng.Extent_Report_Testng -->
