<?xml version="1.0" encoding="UTF-8"?>
<!-- Generated by org.testng.reporters.JUnitReportReporter -->
<testsuite skipped="0" hostname="DESKTOP-LMJ10U7" name="com.OrangeHR_TestNG.OrangeHR_LoginTestNG" tests="1" failures="0" timestamp="2019-10-13T00:45:20 EDT" time="10.330" errors="0">
  <testcase name="titleVerify" time="10.330" classname="com.OrangeHR_TestNG.OrangeHR_LoginTestNG"/>
</testsuite> <!-- com.OrangeHR_TestNG.OrangeHR_LoginTestNG -->
